<?xml version="1.0" encoding="UTF-8"?>
<!-- Generated by org.testng.reporters.JUnitReportReporter -->
<testsuite hostname="MANI" failures="0" tests="2" name="com.Tests.caluculateRate" time="2.716" errors="0" timestamp="2024-12-01T23:42:42 SGT" skipped="0">
  <testcase classname="com.Tests.caluculateRate" name="CaluclateRate" time="2.338"/>
  <testcase classname="com.Tests.caluculateRate" name="VerifyQuotes" time="0.378"/>
</testsuite> <!-- com.Tests.caluculateRate -->
